Build started 24/04/2014 17:59:23.
     1>Project "C:\Users\Majdi\Downloads\Compressed\Pharmacie1\Pharmacie1\Pharmacie1.vcxproj" on node 2 (build target(s)).
     1>InitializeBuildStatus:
         Creating "Debug\Pharmacie1.unsuccessfulbuild" because "AlwaysCreate" was specified.
       GenerateTargetFrameworkMonikerAttribute:
       Skipping target "GenerateTargetFrameworkMonikerAttribute" because all output files are up-to-date with respect to the input files.
       ClCompile:
         All outputs are up-to-date.
         c:\Program Files (x86)\Microsoft Visual Studio 10.0\VC\bin\CL.exe /c /AI"C:\Program Files (x86)\Reference Assemblies\Microsoft\Framework\.NETFramework\v4.0" /Zi /clr:pure /nologo /W3 /WX- /Od /Oy- /D WIN32 /D _DEBUG /D _UNICODE /D UNICODE /EHa /MDd /GS /fp:precise /Zc:wchar_t /Zc:forScope /Yu"StdAfx.h" /Fp"Debug\Pharmacie1.pch" /Fo"Debug\\" /Fd"Debug\vc100.pdb" /TP /FUC:\Windows\Microsoft.Net\assembly\GAC_MSIL\MySql.Data\v4.0_6.6.5.0__c5687fc88969c44d\MySql.Data.dll /FU"C:\Program Files (x86)\Reference Assemblies\Microsoft\Framework\.NETFramework\v4.0\System.Core.dll" /FU"C:\Program Files (x86)\Reference Assemblies\Microsoft\Framework\.NETFramework\v4.0\System.Data.dll" /FU"C:\Program Files (x86)\Reference Assemblies\Microsoft\Framework\.NETFramework\v4.0\System.dll" /FU"C:\Program Files (x86)\Reference Assemblies\Microsoft\Framework\.NETFramework\v4.0\System.Drawing.dll" /FU"C:\Program Files (x86)\Reference Assemblies\Microsoft\Framework\.NETFramework\v4.0\System.Windows.Forms.dll" /FU"C:\Program Files (x86)\Reference Assemblies\Microsoft\Framework\.NETFramework\v4.0\System.Xml.dll" /analyze- /errorReport:prompt Form2.cpp Form3.cpp Pharmacie1.cpp /clr:nostdlib 
         Form2.cpp
         Form3.cpp
         Pharmacie1.cpp
         Generating Code...
         All outputs are up-to-date.
       CoreResGen:
         All outputs are up-to-date.
       ResourceCompile:
         All outputs are up-to-date.
       Link:
         c:\Program Files (x86)\Microsoft Visual Studio 10.0\VC\bin\link.exe /ERRORREPORT:PROMPT /OUT:"C:\Users\Majdi\Downloads\Compressed\Pharmacie1\Debug\Pharmacie1.exe" /INCREMENTAL /NOLOGO /ASSEMBLYRESOURCE:Debug\Pharmacie1.Form1.resources /ASSEMBLYRESOURCE:Debug\Pharmacie1.Form2.resources /ASSEMBLYRESOURCE:Debug\Pharmacie1.Form3.resources /ASSEMBLYRESOURCE:Debug\Pharmacie1.Form4.resources /MANIFEST /ManifestFile:"Debug\Pharmacie1.exe.intermediate.manifest" /MANIFESTUAC:"level='asInvoker' uiAccess='false'" /DEBUG /PDB:"C:\Users\Majdi\Downloads\Compressed\Pharmacie1\Debug\Pharmacie1.pdb" /ASSEMBLYDEBUG /SUBSYSTEM:WINDOWS /TLBID:1 /ENTRY:"main" /DYNAMICBASE /FIXED:NO /NXCOMPAT /MACHINE:X86 Debug\app.res
         Debug\AssemblyInfo.obj
         Debug\fonction.obj
         Debug\Form2.obj
         Debug\Form3.obj
         Debug\Form4.obj
         Debug\Pharmacie1.obj
         Debug\stdafx.obj
         "Debug\.NETFramework,Version=v4.0.AssemblyAttributes.obj"
         Pharmacie1.vcxproj -> C:\Users\Majdi\Downloads\Compressed\Pharmacie1\Debug\Pharmacie1.exe
       Manifest:
         c:\Program Files (x86)\Microsoft SDKs\Windows\v7.0A\bin\mt.exe /nologo /verbose /outputresource:"C:\Users\Majdi\Downloads\Compressed\Pharmacie1\Debug\Pharmacie1.exe;#1" /manifest Debug\Pharmacie1.exe.intermediate.manifest
       FinalizeBuildStatus:
         Deleting file "Debug\Pharmacie1.unsuccessfulbuild".
         Touching "Debug\Pharmacie1.lastbuildstate".
     1>Done Building Project "C:\Users\Majdi\Downloads\Compressed\Pharmacie1\Pharmacie1\Pharmacie1.vcxproj" (build target(s)).

Build succeeded.

Time Elapsed 00:00:03.57
